{"contracts/AtomicSwap.sol":{"l":{"17":5,"21":5,"22":4,"28":5,"29":5,"32":5,"34":3,"36":2,"39":1,"40":1,"44":8,"45":8,"46":6,"47":4,"49":3,"50":3},"path":"/Users/cupsadarius/Work/lamden/ethswaps/contracts/AtomicSwap.sol","s":{"1":5,"2":5,"3":4,"4":5,"5":5,"6":5,"7":3,"8":2,"9":1,"10":8,"11":8,"12":6,"13":4,"14":3},"b":{"1":[4,1],"2":[3,2],"3":[2,1],"4":[1,1],"5":[6,2],"6":[4,2],"7":[3,1]},"f":{"1":5,"2":5,"3":8},"fnMap":{"1":{"name":"initiate","line":16,"loc":{"start":{"line":16,"column":4},"end":{"line":16,"column":89}}},"2":{"name":"redeem","line":25,"loc":{"start":{"line":25,"column":4},"end":{"line":25,"column":41}}},"3":{"name":"refund","line":43,"loc":{"start":{"line":43,"column":4},"end":{"line":43,"column":61}}}},"statementMap":{"1":{"start":{"line":17,"column":8},"end":{"line":17,"column":50}},"2":{"start":{"line":21,"column":8},"end":{"line":21,"column":33}},"3":{"start":{"line":22,"column":8},"end":{"line":22,"column":96}},"4":{"start":{"line":28,"column":8},"end":{"line":28,"column":40}},"5":{"start":{"line":29,"column":8},"end":{"line":29,"column":47}},"6":{"start":{"line":32,"column":8},"end":{"line":32,"column":43}},"7":{"start":{"line":34,"column":8},"end":{"line":34,"column":24}},"8":{"start":{"line":36,"column":8},"end":{"line":36,"column":34}},"9":{"start":{"line":39,"column":8},"end":{"line":39,"column":23}},"10":{"start":{"line":44,"column":8},"end":{"line":44,"column":50}},"11":{"start":{"line":45,"column":8},"end":{"line":45,"column":34}},"12":{"start":{"line":46,"column":8},"end":{"line":46,"column":41}},"13":{"start":{"line":47,"column":8},"end":{"line":47,"column":24}},"14":{"start":{"line":49,"column":8},"end":{"line":49,"column":23}}},"branchMap":{"1":{"line":21,"type":"if","locations":[{"start":{"line":21,"column":8},"end":{"line":21,"column":8}},{"start":{"line":21,"column":8},"end":{"line":21,"column":8}}]},"2":{"line":32,"type":"if","locations":[{"start":{"line":32,"column":8},"end":{"line":32,"column":8}},{"start":{"line":32,"column":8},"end":{"line":32,"column":8}}]},"3":{"line":34,"type":"if","locations":[{"start":{"line":34,"column":8},"end":{"line":34,"column":8}},{"start":{"line":34,"column":8},"end":{"line":34,"column":8}}]},"4":{"line":36,"type":"if","locations":[{"start":{"line":36,"column":8},"end":{"line":36,"column":8}},{"start":{"line":36,"column":8},"end":{"line":36,"column":8}}]},"5":{"line":45,"type":"if","locations":[{"start":{"line":45,"column":8},"end":{"line":45,"column":8}},{"start":{"line":45,"column":8},"end":{"line":45,"column":8}}]},"6":{"line":46,"type":"if","locations":[{"start":{"line":46,"column":8},"end":{"line":46,"column":8}},{"start":{"line":46,"column":8},"end":{"line":46,"column":8}}]},"7":{"line":47,"type":"if","locations":[{"start":{"line":47,"column":8},"end":{"line":47,"column":8}},{"start":{"line":47,"column":8},"end":{"line":47,"column":8}}]}}},"contracts/AtomicTokenSwap.sol":{"l":{"32":7,"36":7,"39":6,"40":6,"41":5,"44":5,"50":6,"51":6,"54":6,"56":4,"58":3,"60":2,"61":2,"62":2,"66":8,"67":8,"68":7,"70":4,"72":3,"73":3,"74":3},"path":"/Users/cupsadarius/Work/lamden/ethswaps/contracts/AtomicTokenSwap.sol","s":{"1":7,"2":7,"3":6,"4":6,"5":5,"6":6,"7":6,"8":6,"9":4,"10":3,"11":2,"12":2,"13":8,"14":8,"15":7,"16":4,"17":3,"18":3},"b":{"1":[6,1],"2":[5,1],"3":[4,2],"4":[3,1],"5":[2,1],"6":[7,1],"7":[4,3],"8":[3,1]},"f":{"1":7,"2":6,"3":8},"fnMap":{"1":{"name":"initiate","line":31,"loc":{"start":{"line":31,"column":4},"end":{"line":31,"column":113}}},"2":{"name":"redeem","line":47,"loc":{"start":{"line":47,"column":4},"end":{"line":47,"column":41}}},"3":{"name":"refund","line":65,"loc":{"start":{"line":65,"column":4},"end":{"line":65,"column":61}}}},"statementMap":{"1":{"start":{"line":32,"column":8},"end":{"line":32,"column":50}},"2":{"start":{"line":36,"column":8},"end":{"line":36,"column":33}},"3":{"start":{"line":39,"column":8},"end":{"line":39,"column":34}},"4":{"start":{"line":40,"column":8},"end":{"line":40,"column":59}},"5":{"start":{"line":44,"column":8},"end":{"line":44,"column":101}},"6":{"start":{"line":50,"column":8},"end":{"line":50,"column":40}},"7":{"start":{"line":51,"column":8},"end":{"line":51,"column":47}},"8":{"start":{"line":54,"column":8},"end":{"line":54,"column":43}},"9":{"start":{"line":56,"column":8},"end":{"line":56,"column":34}},"10":{"start":{"line":58,"column":8},"end":{"line":58,"column":24}},"11":{"start":{"line":60,"column":8},"end":{"line":60,"column":23}},"12":{"start":{"line":61,"column":8},"end":{"line":61,"column":35}},"13":{"start":{"line":66,"column":8},"end":{"line":66,"column":50}},"14":{"start":{"line":67,"column":8},"end":{"line":67,"column":34}},"15":{"start":{"line":68,"column":8},"end":{"line":68,"column":41}},"16":{"start":{"line":70,"column":8},"end":{"line":70,"column":24}},"17":{"start":{"line":72,"column":8},"end":{"line":72,"column":23}},"18":{"start":{"line":73,"column":8},"end":{"line":73,"column":35}}},"branchMap":{"1":{"line":36,"type":"if","locations":[{"start":{"line":36,"column":8},"end":{"line":36,"column":8}},{"start":{"line":36,"column":8},"end":{"line":36,"column":8}}]},"2":{"line":40,"type":"if","locations":[{"start":{"line":40,"column":8},"end":{"line":40,"column":8}},{"start":{"line":40,"column":8},"end":{"line":40,"column":8}}]},"3":{"line":54,"type":"if","locations":[{"start":{"line":54,"column":8},"end":{"line":54,"column":8}},{"start":{"line":54,"column":8},"end":{"line":54,"column":8}}]},"4":{"line":56,"type":"if","locations":[{"start":{"line":56,"column":8},"end":{"line":56,"column":8}},{"start":{"line":56,"column":8},"end":{"line":56,"column":8}}]},"5":{"line":58,"type":"if","locations":[{"start":{"line":58,"column":8},"end":{"line":58,"column":8}},{"start":{"line":58,"column":8},"end":{"line":58,"column":8}}]},"6":{"line":67,"type":"if","locations":[{"start":{"line":67,"column":8},"end":{"line":67,"column":8}},{"start":{"line":67,"column":8},"end":{"line":67,"column":8}}]},"7":{"line":68,"type":"if","locations":[{"start":{"line":68,"column":8},"end":{"line":68,"column":8}},{"start":{"line":68,"column":8},"end":{"line":68,"column":8}}]},"8":{"line":70,"type":"if","locations":[{"start":{"line":70,"column":8},"end":{"line":70,"column":8}},{"start":{"line":70,"column":8},"end":{"line":70,"column":8}}]}}}}