{"contracts/AtomicSwap.sol":{"l":{"17":2,"21":2,"22":1,"28":3,"29":3,"32":3,"35":1,"36":1,"40":5,"41":5,"42":4,"44":1,"45":1},"path":"/Users/cupsadarius/Work/lamden/ethswaps/contracts/AtomicSwap.sol","s":{"1":2,"2":2,"3":1,"4":3,"5":3,"6":3,"7":1,"8":5,"9":5,"10":4,"11":1},"b":{"1":[1,1],"2":[1,2],"3":[4,1],"4":[1,3]},"f":{"1":2,"2":3,"3":5},"fnMap":{"1":{"name":"initiate","line":16,"loc":{"start":{"line":16,"column":4},"end":{"line":16,"column":89}}},"2":{"name":"redeem","line":25,"loc":{"start":{"line":25,"column":4},"end":{"line":25,"column":41}}},"3":{"name":"refund","line":39,"loc":{"start":{"line":39,"column":4},"end":{"line":39,"column":61}}}},"statementMap":{"1":{"start":{"line":17,"column":8},"end":{"line":17,"column":50}},"2":{"start":{"line":21,"column":8},"end":{"line":21,"column":33}},"3":{"start":{"line":22,"column":8},"end":{"line":22,"column":96}},"4":{"start":{"line":28,"column":8},"end":{"line":28,"column":40}},"5":{"start":{"line":29,"column":8},"end":{"line":29,"column":47}},"6":{"start":{"line":32,"column":8},"end":{"line":32,"column":43}},"7":{"start":{"line":35,"column":8},"end":{"line":35,"column":23}},"8":{"start":{"line":40,"column":8},"end":{"line":40,"column":50}},"9":{"start":{"line":41,"column":8},"end":{"line":41,"column":34}},"10":{"start":{"line":42,"column":8},"end":{"line":42,"column":41}},"11":{"start":{"line":44,"column":8},"end":{"line":44,"column":23}}},"branchMap":{"1":{"line":21,"type":"if","locations":[{"start":{"line":21,"column":8},"end":{"line":21,"column":8}},{"start":{"line":21,"column":8},"end":{"line":21,"column":8}}]},"2":{"line":32,"type":"if","locations":[{"start":{"line":32,"column":8},"end":{"line":32,"column":8}},{"start":{"line":32,"column":8},"end":{"line":32,"column":8}}]},"3":{"line":41,"type":"if","locations":[{"start":{"line":41,"column":8},"end":{"line":41,"column":8}},{"start":{"line":41,"column":8},"end":{"line":41,"column":8}}]},"4":{"line":42,"type":"if","locations":[{"start":{"line":42,"column":8},"end":{"line":42,"column":8}},{"start":{"line":42,"column":8},"end":{"line":42,"column":8}}]}}},"contracts/AtomicTokenSwap.sol":{"l":{"32":3,"36":3,"39":2,"40":2,"41":1,"44":1,"50":3,"51":3,"54":3,"57":1,"58":1,"59":1,"63":5,"64":5,"65":4,"67":1,"68":1,"69":1},"path":"/Users/cupsadarius/Work/lamden/ethswaps/contracts/AtomicTokenSwap.sol","s":{"1":3,"2":3,"3":2,"4":2,"5":1,"6":3,"7":3,"8":3,"9":1,"10":1,"11":5,"12":5,"13":4,"14":1,"15":1},"b":{"1":[2,1],"2":[1,1],"3":[1,2],"4":[4,1],"5":[1,3]},"f":{"1":3,"2":3,"3":5},"fnMap":{"1":{"name":"initiate","line":31,"loc":{"start":{"line":31,"column":4},"end":{"line":31,"column":113}}},"2":{"name":"redeem","line":47,"loc":{"start":{"line":47,"column":4},"end":{"line":47,"column":41}}},"3":{"name":"refund","line":62,"loc":{"start":{"line":62,"column":4},"end":{"line":62,"column":61}}}},"statementMap":{"1":{"start":{"line":32,"column":8},"end":{"line":32,"column":50}},"2":{"start":{"line":36,"column":8},"end":{"line":36,"column":33}},"3":{"start":{"line":39,"column":8},"end":{"line":39,"column":34}},"4":{"start":{"line":40,"column":8},"end":{"line":40,"column":59}},"5":{"start":{"line":44,"column":8},"end":{"line":44,"column":101}},"6":{"start":{"line":50,"column":8},"end":{"line":50,"column":40}},"7":{"start":{"line":51,"column":8},"end":{"line":51,"column":47}},"8":{"start":{"line":54,"column":8},"end":{"line":54,"column":43}},"9":{"start":{"line":57,"column":8},"end":{"line":57,"column":23}},"10":{"start":{"line":58,"column":8},"end":{"line":58,"column":35}},"11":{"start":{"line":63,"column":8},"end":{"line":63,"column":50}},"12":{"start":{"line":64,"column":8},"end":{"line":64,"column":34}},"13":{"start":{"line":65,"column":8},"end":{"line":65,"column":41}},"14":{"start":{"line":67,"column":8},"end":{"line":67,"column":23}},"15":{"start":{"line":68,"column":8},"end":{"line":68,"column":35}}},"branchMap":{"1":{"line":36,"type":"if","locations":[{"start":{"line":36,"column":8},"end":{"line":36,"column":8}},{"start":{"line":36,"column":8},"end":{"line":36,"column":8}}]},"2":{"line":40,"type":"if","locations":[{"start":{"line":40,"column":8},"end":{"line":40,"column":8}},{"start":{"line":40,"column":8},"end":{"line":40,"column":8}}]},"3":{"line":54,"type":"if","locations":[{"start":{"line":54,"column":8},"end":{"line":54,"column":8}},{"start":{"line":54,"column":8},"end":{"line":54,"column":8}}]},"4":{"line":64,"type":"if","locations":[{"start":{"line":64,"column":8},"end":{"line":64,"column":8}},{"start":{"line":64,"column":8},"end":{"line":64,"column":8}}]},"5":{"line":65,"type":"if","locations":[{"start":{"line":65,"column":8},"end":{"line":65,"column":8}},{"start":{"line":65,"column":8},"end":{"line":65,"column":8}}]}}}}